<?xml version="1.0" encoding="UTF-8"?>
<!-- Generated by org.testng.reporters.JUnitReportReporter -->
<testsuite hostname="DESKTOP-4VBJJF1" failures="0" tests="1" name="TestNG" time="0.017" errors="0" timestamp="22 Dec 2020 04:12:17 GMT" skipped="0">
  <testcase classname="TestNG" name="display" time="0.017"/>
</testsuite> <!-- TestNG -->
